<?xml version="1.0" encoding="UTF-8"?>
<!-- Generated by org.testng.reporters.JUnitReportReporter -->
<testsuite hostname="LTIN274446" failures="0" tests="2" name="testCases.TC_02" time="4.783" errors="0" timestamp="2024-02-27T15:51:05 IST" skipped="0">
  <testcase classname="testCases.TC_02" name="checkSurgiersPageOpened" time="3.246"/>
  <testcase classname="testCases.TC_02" name="printSurgeries" time="1.537"/>
</testsuite> <!-- testCases.TC_02 -->
