<?xml version="1.0" encoding="UTF-8"?>
<!-- Generated by org.testng.reporters.JUnitReportReporter -->
<testsuite hostname="LTIN274446" failures="0" tests="2" name="testCases.TC_04" time="43.899" errors="0" timestamp="2024-02-27T15:51:05 IST" skipped="0">
  <testcase classname="testCases.TC_04" name="checkDemoPageOpened" time="8.716"/>
  <testcase classname="testCases.TC_04" name="validateForm_Valid_Detials" time="35.183"/>
</testsuite> <!-- testCases.TC_04 -->
