<?xml version="1.0" encoding="UTF-8"?>
<!-- Generated by org.testng.reporters.JUnitReportReporter -->
<testsuite hostname="LTIN274446" failures="0" tests="2" name="testCases.TC_01" time="32.200" errors="0" timestamp="2024-02-27T15:51:05 IST" skipped="0">
  <testcase classname="testCases.TC_01" name="checkUrl" time="0.640"/>
  <testcase classname="testCases.TC_01" name="checkDoctorDetials" time="31.560"/>
</testsuite> <!-- testCases.TC_01 -->
