<?xml version="1.0" encoding="UTF-8"?>
<!-- Generated by org.testng.reporters.JUnitReportReporter -->
<testsuite hostname="LTIN274446" failures="0" tests="2" name="testCases.TC_03" time="10.949" errors="0" timestamp="2024-02-27T15:51:05 IST" skipped="0">
  <testcase classname="testCases.TC_03" name="checkDemoPageOpened" time="8.743"/>
  <testcase classname="testCases.TC_03" name="validateForm_Invalid_Detials" time="2.206"/>
</testsuite> <!-- testCases.TC_03 -->
